<?xml version="1.0" encoding="UTF-8"?>
<testsuite xmlns:xsi="http://www.w3.org/2001/XMLSchema-instance" xsi:noNamespaceSchemaLocation="https://maven.apache.org/surefire/maven-surefire-plugin/xsd/surefire-test-report.xsd" name="TestRunner" time="2.58" tests="2" errors="2" skipped="0" failures="0">
  <properties>
[...]
</properties>
  <testcase name="When I try to find the list of users" classname="Scenario: Verify the list of users are retrieved" time="0">
    <error message="No such host is known (reqres.in1)" type="java.net.UnknownHostException">java.net.UnknownHostException: No such host is known (reqres.in1)
</error>
    <system-out><![CDATA[Feature: Testing demo users
##########################################
]]></system-out>
  </testcase>
  <testcase name="Scenario: Verify the list of users are retrieved" classname="Scenario: Verify the list of users are retrieved" time="0">
    <error message="No such host is known (reqres.in1)" type="java.net.UnknownHostException">java.net.UnknownHostException: No such host is known (reqres.in1)
</error>
  </testcase>
</testsuite>